[debug] [2021-10-31T09:58:47.633Z] ----------------------------------------------------------------------
[debug] [2021-10-31T09:58:47.636Z] Command:       C:\Program Files\nodejs\node.exe C:\Users\sawat\AppData\Roaming\npm\node_modules\firebase-tools\lib\bin\firebase.js init
[debug] [2021-10-31T09:58:47.637Z] CLI Version:   9.20.0
[debug] [2021-10-31T09:58:47.637Z] Platform:      win32
[debug] [2021-10-31T09:58:47.637Z] Node Version:  v14.17.6
[debug] [2021-10-31T09:58:47.661Z] Time:          Sun Oct 31 2021 15:58:47 GMT+0600 (Bangladesh Standard Time)
[debug] [2021-10-31T09:58:47.661Z] ----------------------------------------------------------------------
[debug] 
[debug] [2021-10-31T09:58:47.665Z] >>> [apiv2][query] GET https://firebase-public.firebaseio.com/cli.json [none]
[debug] [2021-10-31T09:58:47.700Z] > command requires scopes: ["email","openid","https://www.googleapis.com/auth/cloudplatformprojects.readonly","https://www.googleapis.com/auth/firebase","https://www.googleapis.com/auth/cloud-platform"]
[debug] [2021-10-31T09:58:47.700Z] > authorizing via signed-in user (davidbasser88@gmail.com)
[info] 
     ######## #### ########  ######## ########     ###     ######  ########
     ##        ##  ##     ## ##       ##     ##  ##   ##  ##       ##
     ######    ##  ########  ######   ########  #########  ######  ######
     ##        ##  ##    ##  ##       ##     ## ##     ##       ## ##
     ##       #### ##     ## ######## ########  ##     ##  ######  ########

You're about to initialize a Firebase project in this directory:

  C:\Projects\Mongo-DB\Assignment-11\BeFoody-Client-site

Before we get started, keep in mind:

  * You are currently outside your home directory

[debug] [2021-10-31T09:58:48.769Z] <<< [apiv2][status] GET https://firebase-public.firebaseio.com/cli.json 200
[debug] [2021-10-31T09:58:48.769Z] <<< [apiv2][body] GET https://firebase-public.firebaseio.com/cli.json {"cloudBuildErrorAfter":1594252800000,"cloudBuildWarnAfter":1590019200000,"defaultNode10After":1594252800000,"minVersion":"3.0.5","node8DeploysDisabledAfter":1613390400000,"node8RuntimeDisabledAfter":1615809600000,"node8WarnAfter":1600128000000}
